0:100  0:100  MemLog inited, TSC freq: 3600499760
0:100  0:000  CPU was calibrated with RTC
0:100  0:000  
0:100  0:000  Now is 18.05.2020,  16:51:25 (GMT)
0:100  0:000  Starting Clover revision: 5117 (master, commit a4ac6daf9) on American Megatrends EFI
0:100  0:000  Build with: [Args: -D NO_GRUB_DRIVERS_EMBEDDED -t GCC53 | -D NO_GRUB_DRIVERS_EMBEDDED --conf=/Users/sergey/src/Clover/Conf -D USE_LOW_EBDA -a X64 -b RELEASE -t GCC53 -n 5 | OS: 10.14.6]
0:100  0:000  SelfDevicePath=PciRoot(0x0)\Pci(0x1B,0x0)\Pci(0x0,0x0)\NVMe(0x1,17-52-91-44-4A-44-1B-00)\HD(1,GPT,B7412AF2-32B3-4B93-876B-FE1649E68710,0x28,0x64000) @74287118
0:100  0:000  SelfDirPath = \EFI\BOOT
0:100  0:000  Clover : Image base = 0x6D420000
0:100  0:000  SimpleTextEx Status=Success
0:100  0:000  === [ Get Smbios ] ==============================
0:100  0:000  Type 16 Index = 0
0:100  0:000  Total Memory Slots Count = 4
0:100  0:000  Type 17 Index = 0
0:100  0:000  Ignoring insane frequency value 0MHz
0:100  0:000  SmbiosTable.Type17->Speed = 0MHz
0:100  0:000  SmbiosTable.Type17->Size = 0MB
0:100  0:000  SmbiosTable.Type17->Bank/Device = BANK 0 ChannelA-DIMM1
0:100  0:000  SmbiosTable.Type17->Vendor = 
0:100  0:000  SmbiosTable.Type17->SerialNumber = 
0:100  0:000  SmbiosTable.Type17->PartNumber = 
0:100  0:000  Type 17 Index = 1
0:100  0:000  SmbiosTable.Type17->Speed = 2666MHz
0:100  0:000  SmbiosTable.Type17->Size = 16384MB
0:100  0:000  SmbiosTable.Type17->Bank/Device = BANK 1 ChannelA-DIMM2
0:100  0:000  SmbiosTable.Type17->Vendor = Corsair
0:100  0:000  SmbiosTable.Type17->SerialNumber = 00000000
0:100  0:000  SmbiosTable.Type17->PartNumber = CMK32GX4M2B3200C16  
0:100  0:000  Type 17 Index = 2
0:100  0:000  Ignoring insane frequency value 0MHz
0:100  0:000  SmbiosTable.Type17->Speed = 0MHz
0:100  0:000  SmbiosTable.Type17->Size = 0MB
0:100  0:000  SmbiosTable.Type17->Bank/Device = BANK 2 ChannelB-DIMM1
0:100  0:000  SmbiosTable.Type17->Vendor = 
0:100  0:000  SmbiosTable.Type17->SerialNumber = 
0:100  0:000  SmbiosTable.Type17->PartNumber = 
0:100  0:000  Type 17 Index = 3
0:100  0:000  SmbiosTable.Type17->Speed = 2666MHz
0:100  0:000  SmbiosTable.Type17->Size = 16384MB
0:100  0:000  SmbiosTable.Type17->Bank/Device = BANK 3 ChannelB-DIMM2
0:100  0:000  SmbiosTable.Type17->Vendor = Corsair
0:100  0:000  SmbiosTable.Type17->SerialNumber = 00000000
0:100  0:000  SmbiosTable.Type17->PartNumber = CMK32GX4M2B3200C16  
0:100  0:000  Boot status=0
0:100  0:000  Running on: 'System Product Name' with board 'PRIME Z390-A'
0:100  0:000  === [ GetCPUProperties ] ========================
0:100  0:000  CPU Vendor = 756E6547 Model=906EC
0:100  0:000   The CPU supported SSE4.1
0:100  0:000  BrandString = Intel(R) Core(TM) i9-9900K CPU @ 3.60GHz
0:100  0:000   The CPU supported turbo
0:100  0:000  MSR 0x35               80010
0:100  0:000   TSC/CCC Information Leaf:
0:100  0:000    numerator     : 300
0:100  0:000    denominator   : 2
0:100  0:000   Calibrated ARTFrequency: 24003331
0:100  0:000   Rounded ARTFrequency: 24000000
0:100  0:000  MSR 0xE2 before patch 00000000
0:100  0:000  MSR 0xCE              08080838_F1012400
0:100  0:000  corrected FLEX_RATIO = E0000
0:100  0:000  MSR 0x1B0             00000000
0:100  0:000  FSBFrequency = 83 MHz, DMI FSBFrequency = 100 MHz, Corrected FSBFrequency = 100 MHz
0:100  0:000  MaxDiv/MinDiv: 36.0/8
0:100  0:000  Turbo: 50/50/50/50
0:100  0:000  Features: 0x77FAFBFFBFEBFBFF
0:100  0:000  Threads: 16
0:100  0:000  Cores: 8
0:100  0:000  FSB: 100 MHz
0:100  0:000  CPU: 2970 MHz
0:100  0:000  TSC: 2970 MHz
0:100  0:000  PIS: 100 MHz
0:100  0:000  ExternalClock: 25 MHz
0:100  0:000  === [ GetDevices ] ==============================
0:100  0:000  GOP found at: PciRoot(0x0)/Pci(0x1,0x0)/Pci(0x0,0x0)/Pci(0x0,0x0)/Pci(0x0,0x0)/AcpiAdr(0x80010301)
0:100  0:000  PCI (00|00:00.00) : 8086 3E30 class=060000
0:100  0:000  PCI (00|00:01.00) : 8086 1901 class=060400
0:100  0:000  PCI (00|01:00.00) : 1002 1478 class=060400
0:100  0:000  PCI (00|02:00.00) : 1002 1479 class=060400
0:100  0:000  PCI (00|03:00.00) : 1002 731F class=030000
0:100  0:000   - GOP: Provided by device
0:100  0:000   - GFX: Model=AMD Radeon RX5700 (ATI/AMD)
0:100  0:000  PCI (00|03:00.01) : 1002 AB38 class=040300
0:100  0:000   - HDMI Audio: 
0:100  0:000  PCI (00|00:02.00) : 8086 3E98 class=038000
0:100  0:000   - GFX: Model=Intel UHD Graphics 630 (Intel)
0:100  0:000  PCI (00|00:14.00) : 8086 A36D class=0C0330
0:100  0:000  PCI (00|00:14.02) : 8086 A36F class=050000
0:100  0:000  PCI (00|00:16.00) : 8086 A360 class=078000
0:100  0:000  PCI (00|00:1B.00) : 8086 A340 class=060400
0:100  0:000  PCI (00|04:00.00) : 15B7 5002 class=010802
0:100  0:000  PCI (00|00:1B.04) : 8086 A32C class=060400
0:100  0:000  PCI (00|05:00.00) : 15B7 5003 class=010802
0:100  0:000  PCI (00|00:1C.00) : 8086 A338 class=060400
0:100  0:000  PCI (00|00:1C.07) : 8086 A33F class=060400
0:100  0:000  PCI (00|07:00.00) : 14E4 43BA class=028000
0:100  0:000   - WIFI: Vendor=5348 = Broadcom
0:100  0:000  PCI (00|00:1D.00) : 8086 A330 class=060400
0:100  0:000  PCI (00|00:1F.00) : 8086 A305 class=060100
0:100  0:000  PCI (00|00:1F.03) : 8086 A348 class=040300
0:100  0:000  PCI (00|00:1F.04) : 8086 A323 class=0C0500
0:100  0:000  PCI (00|00:1F.05) : 8086 A324 class=0C8000
0:100  0:000  PCI (00|00:1F.06) : 8086 15BC class=020000
0:100  0:000   - LAN: 0 Vendor=Intel
0:100  0:000  === [ GetDefaultSettings ] ======================
0:100  0:000  Clover load options size = 0 bytes
0:101  0:000  CheckOEMPathExists tried EFI\CLOVER\OEM\System Product Name--00-00-00-00-00-00. Dir not exists
0:101  0:000  CheckOEMPathExists tried EFI\CLOVER\OEM\PRIME Z390-A\UEFI. Dir not exists
0:102  0:000  CheckOEMPathExists tried EFI\CLOVER\OEM\System Product Name. Dir not exists
0:102  0:000  CheckOEMPathExists tried EFI\CLOVER\OEM\System Product Name-2970. Dir not exists
0:102  0:000  CheckOEMPathExists tried EFI\CLOVER\OEM\PRIME Z390-A. Dir not exists
0:102  0:000  CheckOEMPathExists tried EFI\CLOVER\OEM\PRIME Z390-A-2970. Dir not exists
0:102  0:000  set OEMPath by default: EFI\CLOVER
0:103  0:001  EFI\CLOVER\config.plist loaded: Success
0:103  0:000  === [ GetListOfThemes ] =========================
0:104  0:000  - [00]: Dark
0:104  0:000  === [ Found config plists ] =====================
0:104  0:000  - config_580.plist
0:104  0:000  - config_5700XT.plist
0:104  0:000  - config.plist
0:105  0:000  === [ GetEarlyUserSettings ] ====================
0:105  0:000  timeout set to 3
0:105  0:000  Custom boot CUSTOM_BOOT_DISABLED (0x0)
0:105  0:000   get BlueValue=1.200000
0:105  0:000  KextsToPatch: 2 requested
0:105  0:000   - [00]: com.apple.iokit.IOUSBHostFamily (NoLabel) :: BinPatch :: data len: 4
0:105  0:000   - patch disabled at config
0:105  0:000   - [01]: com.apple.driver.usb.AppleUSBXHCI (NoLabel) :: BinPatch :: data len: 4
0:105  0:000   - patch disabled at config
0:105  0:000  Default theme: Dark
0:105  0:000  Hiding entries with string Games
0:105  0:000  Hiding entries with string Preboot
0:105  0:000  Hiding entries with string Recovery
0:105  0:000  Hiding entries with string Windows
0:105  0:000  Hiding entries with string Macintosh SSD - Data
0:105  0:000  === [ LoadDrivers ] =============================
0:107  0:001  Loading ApfsDriverLoader.efi  status=Success
0:108  0:001   - driver needs connecting
0:108  0:000  Loading AudioDxe.efi  status=Success
0:110  0:001   - driver needs connecting
0:110  0:000  Loading DataHubDxe.efi  status=Success
0:112  0:002  Loading AptioMemoryFix.efi  status=Success
0:113  0:000  2 drivers needs connecting ...
0:113  0:000  PlatformDriverOverrideProtocol not found. Installing ... Success
0:113  0:000  APFS driver loaded
0:113  0:000  Searching for invalid DiskIo BY_DRIVER connects: not found, all ok
6:276  6:162  === [ InitScreen ] ==============================
6:276  0:000  Console modes reported: 4, available modes:
6:276  0:000   - [01]: 80x25 (current mode)
6:276  0:000   - [02]: 80x50
6:276  0:000   - [03]: 100x31
6:276  0:000   - [04]: 480x113
6:276  0:000  SetScreenResolution: 3840ￃﾗ2160SetMaxResolution: found best mode 0: 3840x2160
6:276  0:000   - already set
6:276  0:000  reinit: self device path=PciRoot(0x0)\Pci(0x1B,0x0)\Pci(0x0,0x0)\NVMe(0x1,17-52-91-44-4A-44-1B-00)\HD(1,GPT,B7412AF2-32B3-4B93-876B-FE1649E68710,0x28,0x64000)
6:276  0:000  new SelfHandle=74287118
6:277  0:001  Using embedded font
6:278  0:000  === [ GetMacAddress ] ===========================
6:278  0:000   get legacy LAN MAC, 1 card found
6:278  0:000  Legacy MAC address of LAN #0= 88:88:88:88:87:88:
6:278  0:000  === [ ScanSPD ] =================================
6:279  0:000  Scanning SMBus [8086:A323], mmio: 0x12116004, ioport: 0xEFA0, hostc: 0x11
6:297  0:018  Slot: 1 Type 26 16384MB 2132MHz Vendor=Corsair PartNo=CMK32GX4M2B3200C16 SerialNo=0000000000000000
6:316  0:018  Slot: 3 Type 26 16384MB 2132MHz Vendor=Corsair PartNo=CMK32GX4M2B3200C16 SerialNo=0000000000000000
6:316  0:000  === [ GetAcpiTablesList ] =======================
6:316  0:000  Get Acpi Tables List from RSDT:
6:316  0:000   - [00]: FACP  A M I  len=132
6:316  0:000   - [01]: APIC  A M I  len=300
6:316  0:000   - [02]: FPDT  A M I  len=68
6:316  0:000   - [03]: FIDT  A M I len=156
6:316  0:000   - [04]: MCFG  A M I  len=60
6:316  0:000   - [05]: WSMT  A M I  len=40
6:316  0:000   - [06]: SSDT  CpuSsdt len=6940
6:316  0:000   - [07]: SSDT  SaSsdt  len=12441
6:316  0:000   - [08]: SSDT  PegSsdt len=9003
6:316  0:000   - [09]: HPET  A M I  len=56
6:316  0:000   - [10]: SSDT  Ther_Rvp len=4014
6:316  0:000   - [11]: SSDT  xh_cfsd4 len=12243
6:316  0:000   - [12]: UEFI  A M I  len=66
6:316  0:000   - [13]: LPIT  A M I  len=148
6:316  0:000   - [14]: SSDT  PtidDevc len=10206
6:316  0:000   - [15]: SSDT  TbtTypeC len=5346
6:316  0:000   - [16]: DBGP  A M I  len=52
6:316  0:000   - [17]: DBG2  A M I  len=84
6:316  0:000   - [18]: SSDT  UsbCTabl len=7015
6:316  0:000   - [19]: SSDT  ADebTabl len=324
6:316  0:000   - [20]: VFCT  A M I  len=59524
6:316  0:000   - [21]: BGRT  A M I  len=56
6:316  0:000  Calibrated TSC Frequency = 3600499760 = 3600MHz
6:317  0:000  === [ GetUserSettings ] =========================
6:317  0:000  Add 1 devices (kTagTypeDict):
6:317  0:000  USB FixOwnership: yes
6:317  0:000  Dropping 2 tables:
6:317  0:000   - [00]: Drop table  signature="DMAR" (52414D44)
6:317  0:000  ----
6:317  0:000           - set table: 52414D44,                0 to drop: no
6:317  0:000   - [01]: Drop table  signature="MATS" (5354414D)
6:317  0:000  ----
6:317  0:000           - set table: 5354414D,                0 to drop: no
6:317  0:000   - final DSDT Fix mask=1040005C
6:317  0:000  PatchesDSDT: 7 requested
6:317  0:000   - [00]: (change EHC1 to EH01) lenToFind: 4, lenToReplace: 4, Target Bridge: 
6:317  0:000   - [01]: (change EHC2 to EH02) lenToFind: 4, lenToReplace: 4, Target Bridge: 
6:317  0:000   - [02]: (change EC0 to EC) lenToFind: 4, lenToReplace: 4, Target Bridge: 
6:317  0:000   - [03]: (change HECI to IMEI) lenToFind: 4, lenToReplace: 4, Target Bridge: 
6:317  0:000   - [04]: (change GFX0 to IGPU) lenToFind: 4, lenToReplace: 4, Target Bridge: 
6:317  0:000    patch disabled at config
6:317  0:000   - [05]: (change PEGP to EGP0) lenToFind: 4, lenToReplace: 4, Target Bridge: 
6:317  0:000    patch disabled at config
6:317  0:000   - [06]: (change PEGP to GFX0) lenToFind: 4, lenToReplace: 4, Target Bridge: 
6:317  0:000    patch disabled at config
6:317  0:000  Using ProductName from config: iMac19,1
6:317  0:000  Found same BiosVersion in clover and config
6:317  0:000  BiosVersion: IM191.88Z.F000.B00.2002172336
6:317  0:000  BiosReleaseDate: 02/17/2020
6:317  0:000  Using EfiVersion from clover: 1037.100.345.0.0
6:317  0:000  Using FirmwareFeatures from config: 0xFD8FF576
6:317  0:000  Using FirmwareFeaturesMask from config: 0xFFDFFF7F
6:317  0:000  Board-ID set from config as Mac-AA95B1DDAB278B95
6:317  0:000  BoardType: 0xA
6:317  0:000  ChassisType: 0x9
6:317  0:000  Converted CustomUUID 96C74D67-28FE-480A-ABDA-641AD4E24A0C
6:318  0:000  === [ Found DSDT tables ] =======================
6:549  0:230  === [ ScanVolumes ] =============================
6:549  0:000  Found 13 volumes with blockIO
6:549  0:000  - [00]: Volume: PciRoot(0x0)\Pci(0x1B,0x0)\Pci(0x0,0x0)\NVMe(0x1,17-52-91-44-4A-44-1B-00)
6:549  0:000  - [01]: Volume: PciRoot(0x0)\Pci(0x1B,0x0)\Pci(0x0,0x0)\NVMe(0x1,17-52-91-44-4A-44-1B-00)\HD(1,GPT,B7412AF2-32B3-4B93-876B-FE1649E68710,0x28,0x64000)
6:549  0:000          Result of bootcode detection: bootable unknown (legacy)
6:549  0:000          This is SelfVolume !!
6:549  0:000  - [02]: Volume: PciRoot(0x0)\Pci(0x1B,0x0)\Pci(0x0,0x0)\NVMe(0x1,17-52-91-44-4A-44-1B-00)\HD(2,GPT,7A1291F6-BE08-428F-8E69-FA455BB2755B,0x64800,0x3A321808)
6:549  0:000          Result of bootcode detection: bootable unknown (legacy)
6:549  0:000  - [03]: Volume: PciRoot(0x0)\Pci(0x1B,0x4)\Pci(0x0,0x0)\NVMe(0x1,C6-5B-9F-44-4A-44-1B-00)
6:549  0:000  - [04]: Volume: PciRoot(0x0)\Pci(0x1B,0x4)\Pci(0x0,0x0)\NVMe(0x1,C6-5B-9F-44-4A-44-1B-00)\HD(1,GPT,9F32F3A4-8184-42C3-917D-7B12FAE7C0A9,0x800,0x108800)
6:549  0:000          Result of bootcode detection: bootable Windows (vista,win)
6:549  0:000          hiding this volume
6:549  0:000  - [05]: Volume: PciRoot(0x0)\Pci(0x1B,0x4)\Pci(0x0,0x0)\NVMe(0x1,C6-5B-9F-44-4A-44-1B-00)\HD(2,GPT,F59292E9-B2C8-45E8-B6E1-B5672CD91D3F,0x109000,0x32000)
6:550  0:000          Result of bootcode detection: bootable Windows (vista,win)
6:550  0:000          hiding this volume
6:550  0:000  - [06]: Volume: PciRoot(0x0)\Pci(0x1B,0x4)\Pci(0x0,0x0)\NVMe(0x1,C6-5B-9F-44-4A-44-1B-00)\HD(3,GPT,BA0ECBB5-A6F8-480A-BA11-20DA5FCADE5D,0x13B000,0x8000)
6:550  0:000  - [07]: Volume: PciRoot(0x0)\Pci(0x1B,0x4)\Pci(0x0,0x0)\NVMe(0x1,C6-5B-9F-44-4A-44-1B-00)\HD(4,GPT,E0BE966C-83C7-4AAE-ACA9-3FBE0A4B2055,0x143000,0x3A243000)
6:550  0:000          Result of bootcode detection: bootable Windows (vista,win)
6:550  0:000          hiding this volume
6:550  0:000  - [08]: Volume: PciRoot(0x0)\Pci(0x1B,0x0)\Pci(0x0,0x0)\NVMe(0x1,17-52-91-44-4A-44-1B-00)\HD(2,GPT,7A1291F6-BE08-428F-8E69-FA455BB2755B,0x64800,0x3A321808)\VenMedia(BE74FCF7-0B7C-49F3-9147-01F4042E6842,5EE96ADF7AEBE64CB012AA7A36C26B44)
6:550  0:000          hiding this volume
6:550  0:000  - [09]: Volume: PciRoot(0x0)\Pci(0x1B,0x0)\Pci(0x0,0x0)\NVMe(0x1,17-52-91-44-4A-44-1B-00)\HD(2,GPT,7A1291F6-BE08-428F-8E69-FA455BB2755B,0x64800,0x3A321808)\VenMedia(BE74FCF7-0B7C-49F3-9147-01F4042E6842,3A13344607D9274F88BAF2AD20D70FB6)
6:550  0:000          hiding this volume
6:550  0:000  - [10]: Volume: PciRoot(0x0)\Pci(0x1B,0x0)\Pci(0x0,0x0)\NVMe(0x1,17-52-91-44-4A-44-1B-00)\HD(2,GPT,7A1291F6-BE08-428F-8E69-FA455BB2755B,0x64800,0x3A321808)\VenMedia(BE74FCF7-0B7C-49F3-9147-01F4042E6842,AE7C9B14A1A8444C88328E4760EF3C6E)
6:550  0:000          hiding this volume
6:550  0:000  - [11]: Volume: PciRoot(0x0)\Pci(0x1B,0x0)\Pci(0x0,0x0)\NVMe(0x1,17-52-91-44-4A-44-1B-00)\HD(2,GPT,7A1291F6-BE08-428F-8E69-FA455BB2755B,0x64800,0x3A321808)\VenMedia(BE74FCF7-0B7C-49F3-9147-01F4042E6842,7FF742C3F051D247BC16671A04CAB41B)
6:550  0:000  - [12]: Volume: PciRoot(0x0)\Pci(0x1B,0x0)\Pci(0x0,0x0)\NVMe(0x1,17-52-91-44-4A-44-1B-00)\HD(2,GPT,7A1291F6-BE08-428F-8E69-FA455BB2755B,0x64800,0x3A321808)\VenMedia(BE74FCF7-0B7C-49F3-9147-01F4042E6842,9BFAC7E986415740951C594D958EE211)
6:550  0:000  found 3 handles with audio
6:550  0:000  got index=6
6:551  0:000  got volume 80
6:551  0:000  Found Audio Device AMD (Unknown) (HDMI) at index 0
6:551  0:000  Found Audio Device AMD (Unknown) (HDMI) at index 1
6:551  0:000  Found Audio Device AMD (Unknown) (HDMI) at index 2
6:551  0:000  Found Audio Device AMD (Unknown) (HDMI) at index 3
6:551  0:000  Found Audio Device AMD (Unknown) (HDMI) at index 4
6:551  0:000  Found Audio Device AMD (Unknown) (HDMI) at index 5
6:551  0:000  Found Audio Device Realtek (Unknown) (LineOut) at index 6
6:551  0:000  Found Audio Device Realtek (Unknown) (LineOut) at index 7
6:551  0:000  Found Audio Device Realtek (Unknown) (LineOut) at index 8
6:551  0:000  Found Audio Device Realtek (Unknown) (Headphones) at index 9
6:551  0:000  Found Audio Device Realtek (Unknown) (SPDIF) at index 10
6:551  0:000  Found Audio Device Intel Kaby Lake HDMI (HDMI) at index 11
6:551  0:000  use Daylight theme
6:551  0:000  === [ InitXTheme ] ==============================
6:554  0:003  Using theme 'Dark' (EFI\CLOVER\themes\Dark)
6:554  0:000  chosen theme Dark
6:554  0:000  OS main and drive as badge
6:564  0:009  got day icon 17 name{vol_internal_hfs}
6:564  0:000  got day icon 18 name{vol_internal_apfs}
6:565  0:000  got day icon 19 name{vol_internal_ntfs}
6:565  0:000  got day icon 20 name{vol_internal_ext3}
6:566  0:000  got day icon 21 name{vol_recovery}
6:579  0:013  got day icon 23 name{selection_small}
6:579  0:000  got day icon 24 name{selection_big}
6:579  0:000  got day icon 45 name{radio_button}
6:580  0:000  got day icon 46 name{radio_button_selected}
6:580  0:000  got day icon 47 name{checkbox}
6:580  0:000  got day icon 48 name{checkbox_checked}
6:647  0:067    Channels: 2  Sample rate: 48000 Hz  Bits: 16
6:647  0:000  output to channel 6 with volume 80, len=452464
6:647  0:000   sound channels=2 bits=16 freq=48000
6:733  0:086  sound play end with status=Success
6:735  0:002  theme inited
6:735  0:000  Chosen theme Dark
6:735  0:000  after NVRAM boot-args=slide=2048 agdpmod=pikera dart=0
6:735  0:000  === [ Dump SMC keys from NVRAM ] ================
6:735  0:000  no AppleSMC protocol
6:750  0:014  === [ ScanLoader ] ==============================
6:750  0:000  - [01]: 'EFI'
6:751  0:001          AddLoaderEntry for Volume Name=EFI
6:751  0:000          skipped because entry is hidden
6:751  0:000  - [04]: 'Recovery', hidden
6:751  0:000  - [05]: 'Windows_EFI', hidden
6:751  0:000  - [07]: 'Windows', hidden
6:751  0:000  - [08]: 'Preboot', hidden
6:751  0:000  - [09]: 'Macintosh SSD - Data', hidden
6:751  0:000  - [10]: 'Recovery', hidden
6:751  0:000  - [11]: 'VM'
6:751  0:000  - [12]: 'Macintosh SSD'
6:757  0:005          AddLoaderEntry for Volume Name=Macintosh SSD
6:759  0:002      hibernated: set as never
6:759  0:000  IconName=cata,mac comma=4 size=8
6:759  0:000    first=os_cata
6:759  0:000  got day icon 25 name{os_mac}
6:759  0:000  got day icon 18 name{vol_internal_apfs}
6:759  0:000      Loader entry created for 'PciRoot(0x0)\Pci(0x1B,0x0)\Pci(0x0,0x0)\NVMe(0x1,17-52-91-44-4A-44-1B-00)\HD(2,GPT,7A1291F6-BE08-428F-8E69-FA455BB2755B,0x64800,0x3A321808)\VenMedia(BE74FCF7-0B7C-49F3-9147-01F4042E6842,9BFAC7E986415740951C594D958EE211)\System\Library\CoreServices\boot.efi'
6:759  0:000  Scanning legacy ...
6:759  0:000   hidden
6:759  0:000   hidden
6:759  0:000   hidden
6:759  0:000  === [ AddCustomTool ] ===========================
6:759  0:000  got day icon 8 name{tool_shell}
6:759  0:000  found tool \EFI\CLOVER\tools\Shell64U.efi
6:759  0:000  Checking EFI partition Volume 1 for Clover
6:760  0:000   Found Clover
6:760  0:000  got day icon 2 name{func_clover}
6:760  0:000  got day icon 1 name{func_options}
6:760  0:000  got day icon 0 name{func_about}
6:760  0:000  got day icon 5 name{func_reset}
6:760  0:000  got day icon 6 name{func_shutdown}
6:760  0:000  === [ GetEfiBootDeviceFromNvram ] ===============
6:760  0:000   - efi-boot-device-data: PciRoot(0x0)\Pci(0x1B,0x4)\Pci(0x0,0x0)\NVMe(0x1,C6-5B-9F-44-4A-44-1B-00)\HD(2,GPT,F59292E9-B2C8-45E8-B6E1-B5672CD91D3F,0x109000,0x32000)\EFI\microsoft\Boot\bootmgfw.efi
6:760  0:000    - Volume: 'PciRoot(0x0)\Pci(0x1B,0x4)\Pci(0x0,0x0)\NVMe(0x1,C6-5B-9F-44-4A-44-1B-00)\HD(2,GPT,F59292E9-B2C8-45E8-B6E1-B5672CD91D3F,0x109000,0x32000)'
6:760  0:000    - LoaderPath: '\EFI\microsoft\Boot\bootmgfw.efi'
6:760  0:000    - Guid = F59292E9-B2C8-45E8-B6E1-B5672CD91D3F
6:760  0:000  === [ FindStartupDiskVolume ] ===================
6:760  0:000    - Volume: partition = PciRoot(0x0)\Pci(0x1B,0x4)\Pci(0x0,0x0)\NVMe(0x1,C6-5B-9F-44-4A-44-1B-00)\HD(2,GPT,F59292E9-B2C8-45E8-B6E1-B5672CD91D3F,0x109000,0x32000)
6:760  0:000     - searching for that partition and loader '\EFI\microsoft\Boot\bootmgfw.efi'
6:760  0:000      - [!] not found
6:760  0:000     - searching again, but comparing Media dev path nodes
6:760  0:000      - [!] not found
6:760  0:000     - searching for that partition
6:760  0:000      - [!] not found
6:760  0:000     - searching again, but comparing Media dev path nodes
6:760  0:000      - [!] not found
6:760  0:000  Default boot entry not found
6:760  0:000  BannerPlace at Clear Screen [0,0]
6:977  0:216  AnimeRun=0
7:000  0:023  GUI ready
15:117  8:117  got day icon 7 name{func_help}
16:751  1:633  AnimeRun=0
17:537  0:785  === [ FixBiosDsdt ] =============================
17:537  0:000  Patching DSDT:
17:537  0:000   - [change EHC1 to EH01]: pattern 45484331, bin not found / already patched!
17:537  0:000   - [change EHC2 to EH02]: pattern 45484332, bin not found / already patched!
17:538  0:000   - [change EC0 to EC]: pattern 4543305F, patched at: [ (FC2A) ]
17:538  0:000   - [change HECI to IMEI]: pattern 48454349, patched at: [ (18F6F) ]
17:538  0:000   - [change GFX0 to IGPU]: disabled
17:538  0:000   - [change PEGP to EGP0]: disabled
17:538  0:000   - [change PEGP to GFX0]: disabled
17:538  0:000    0 replacements
17:539  0:001  found PIC had IRQNoFlag will move -3 bytes
17:540  0:000  Start HPET Fix
17:543  0:002   deleting device CRT_
17:544  0:000   deleting device DVI_
17:544  0:000   deleting device SPKR
17:545  0:000   deleting device ECP_
17:546  0:000   deleting device LPT_
17:546  0:000   deleting device FDC0
17:547  0:000   deleting device ECP1
17:547  0:000   deleting device LPT1
17:560  0:012  DSDT saved to EFI\CLOVER\ACPI\origin\DSDT-1040005C.aml
19:323  1:763  ReinitSelfLib after theme change
19:323  0:000  reinit: self device path=PciRoot(0x0)\Pci(0x1B,0x0)\Pci(0x0,0x0)\NVMe(0x1,17-52-91-44-4A-44-1B-00)\HD(1,GPT,B7412AF2-32B3-4B93-876B-FE1649E68710,0x28,0x64000)
19:323  0:000  new SelfHandle=74287118
19:323  0:000  === [ ScanVolumes ] =============================
19:323  0:000  Found 13 volumes with blockIO
19:323  0:000  - [00]: Volume: PciRoot(0x0)\Pci(0x1B,0x0)\Pci(0x0,0x0)\NVMe(0x1,17-52-91-44-4A-44-1B-00)
19:324  0:000  - [01]: Volume: PciRoot(0x0)\Pci(0x1B,0x0)\Pci(0x0,0x0)\NVMe(0x1,17-52-91-44-4A-44-1B-00)\HD(1,GPT,B7412AF2-32B3-4B93-876B-FE1649E68710,0x28,0x64000)
19:324  0:000          Result of bootcode detection: bootable unknown (legacy)
19:324  0:000          This is SelfVolume !!
19:324  0:000  - [02]: Volume: PciRoot(0x0)\Pci(0x1B,0x0)\Pci(0x0,0x0)\NVMe(0x1,17-52-91-44-4A-44-1B-00)\HD(2,GPT,7A1291F6-BE08-428F-8E69-FA455BB2755B,0x64800,0x3A321808)
19:324  0:000          Result of bootcode detection: bootable unknown (legacy)
19:324  0:000  - [03]: Volume: PciRoot(0x0)\Pci(0x1B,0x4)\Pci(0x0,0x0)\NVMe(0x1,C6-5B-9F-44-4A-44-1B-00)
19:324  0:000  - [04]: Volume: PciRoot(0x0)\Pci(0x1B,0x4)\Pci(0x0,0x0)\NVMe(0x1,C6-5B-9F-44-4A-44-1B-00)\HD(1,GPT,9F32F3A4-8184-42C3-917D-7B12FAE7C0A9,0x800,0x108800)
19:324  0:000          Result of bootcode detection: bootable Windows (vista,win)
19:324  0:000  - [05]: Volume: PciRoot(0x0)\Pci(0x1B,0x4)\Pci(0x0,0x0)\NVMe(0x1,C6-5B-9F-44-4A-44-1B-00)\HD(2,GPT,F59292E9-B2C8-45E8-B6E1-B5672CD91D3F,0x109000,0x32000)
19:324  0:000          Result of bootcode detection: bootable Windows (vista,win)
19:325  0:000  - [06]: Volume: PciRoot(0x0)\Pci(0x1B,0x4)\Pci(0x0,0x0)\NVMe(0x1,C6-5B-9F-44-4A-44-1B-00)\HD(3,GPT,BA0ECBB5-A6F8-480A-BA11-20DA5FCADE5D,0x13B000,0x8000)
19:325  0:000  - [07]: Volume: PciRoot(0x0)\Pci(0x1B,0x4)\Pci(0x0,0x0)\NVMe(0x1,C6-5B-9F-44-4A-44-1B-00)\HD(4,GPT,E0BE966C-83C7-4AAE-ACA9-3FBE0A4B2055,0x143000,0x3A243000)
19:325  0:000          Result of bootcode detection: bootable Windows (vista,win)
19:325  0:000  - [08]: Volume: PciRoot(0x0)\Pci(0x1B,0x0)\Pci(0x0,0x0)\NVMe(0x1,17-52-91-44-4A-44-1B-00)\HD(2,GPT,7A1291F6-BE08-428F-8E69-FA455BB2755B,0x64800,0x3A321808)\VenMedia(BE74FCF7-0B7C-49F3-9147-01F4042E6842,5EE96ADF7AEBE64CB012AA7A36C26B44)
19:325  0:000  - [09]: Volume: PciRoot(0x0)\Pci(0x1B,0x0)\Pci(0x0,0x0)\NVMe(0x1,17-52-91-44-4A-44-1B-00)\HD(2,GPT,7A1291F6-BE08-428F-8E69-FA455BB2755B,0x64800,0x3A321808)\VenMedia(BE74FCF7-0B7C-49F3-9147-01F4042E6842,3A13344607D9274F88BAF2AD20D70FB6)
19:325  0:000  - [10]: Volume: PciRoot(0x0)\Pci(0x1B,0x0)\Pci(0x0,0x0)\NVMe(0x1,17-52-91-44-4A-44-1B-00)\HD(2,GPT,7A1291F6-BE08-428F-8E69-FA455BB2755B,0x64800,0x3A321808)\VenMedia(BE74FCF7-0B7C-49F3-9147-01F4042E6842,AE7C9B14A1A8444C88328E4760EF3C6E)
19:325  0:000  - [11]: Volume: PciRoot(0x0)\Pci(0x1B,0x0)\Pci(0x0,0x0)\NVMe(0x1,17-52-91-44-4A-44-1B-00)\HD(2,GPT,7A1291F6-BE08-428F-8E69-FA455BB2755B,0x64800,0x3A321808)\VenMedia(BE74FCF7-0B7C-49F3-9147-01F4042E6842,7FF742C3F051D247BC16671A04CAB41B)
19:325  0:000  - [12]: Volume: PciRoot(0x0)\Pci(0x1B,0x0)\Pci(0x0,0x0)\NVMe(0x1,17-52-91-44-4A-44-1B-00)\HD(2,GPT,7A1291F6-BE08-428F-8E69-FA455BB2755B,0x64800,0x3A321808)\VenMedia(BE74FCF7-0B7C-49F3-9147-01F4042E6842,9BFAC7E986415740951C594D958EE211)
19:325  0:000  found 3 handles with audio
19:325  0:000  got index=6
19:325  0:000  got volume 80
19:325  0:000  Found Audio Device AMD (Unknown) (HDMI) at index 0
19:325  0:000  Found Audio Device AMD (Unknown) (HDMI) at index 1
19:325  0:000  Found Audio Device AMD (Unknown) (HDMI) at index 2
19:325  0:000  Found Audio Device AMD (Unknown) (HDMI) at index 3
19:325  0:000  Found Audio Device AMD (Unknown) (HDMI) at index 4
19:325  0:000  Found Audio Device AMD (Unknown) (HDMI) at index 5
19:325  0:000  Found Audio Device Realtek (Unknown) (LineOut) at index 6
19:325  0:000  Found Audio Device Realtek (Unknown) (LineOut) at index 7
19:325  0:000  Found Audio Device Realtek (Unknown) (LineOut) at index 8
19:325  0:000  Found Audio Device Realtek (Unknown) (Headphones) at index 9
19:325  0:000  Found Audio Device Realtek (Unknown) (SPDIF) at index 10
19:325  0:000  Found Audio Device Intel Kaby Lake HDMI (HDMI) at index 11
19:325  0:000  theme inited
19:325  0:000  Chosen theme Dark
19:326  0:000  after NVRAM boot-args=slide=2048 agdpmod=pikera dart=0
19:326  0:000  === [ ScanLoader ] ==============================
19:326  0:000  - [01]: 'EFI'
19:327  0:001          AddLoaderEntry for Volume Name=EFI
19:327  0:000       skipped because path `PciRoot(0x0)\Pci(0x1B,0x0)\Pci(0x0,0x0)\NVMe(0x1,17-52-91-44-4A-44-1B-00)\HD(1,GPT,B7412AF2-32B3-4B93-876B-FE1649E68710,0x28,0x64000)\EFI\BOOT\BOOTX64.efi` is self path!
19:327  0:000  - [04]: 'Recovery'
19:327  0:000  - [05]: 'Windows_EFI'
19:328  0:001          AddLoaderEntry for Volume Name=Windows_EFI
19:328  0:000  IconName=vista,win comma=5 size=9
19:328  0:000    first=os_vista
19:328  0:000  got day icon 43 name{os_win}
19:329  0:000  got day icon 19 name{vol_internal_ntfs}
19:329  0:000      Loader entry created for 'PciRoot(0x0)\Pci(0x1B,0x4)\Pci(0x0,0x0)\NVMe(0x1,C6-5B-9F-44-4A-44-1B-00)\HD(2,GPT,F59292E9-B2C8-45E8-B6E1-B5672CD91D3F,0x109000,0x32000)\EFI\microsoft\Boot\bootmgfw.efi'
19:330  0:001          AddLoaderEntry for Volume Name=Windows_EFI
19:330  0:000  IconName=unknown comma=-1 size=7
19:330  0:000  got day icon 51 name{os_unknown}
19:330  0:000    Full=unknown
19:330  0:000  got day icon 12 name{vol_internal}
19:330  0:000      Loader entry created for 'PciRoot(0x0)\Pci(0x1B,0x4)\Pci(0x0,0x0)\NVMe(0x1,C6-5B-9F-44-4A-44-1B-00)\HD(2,GPT,F59292E9-B2C8-45E8-B6E1-B5672CD91D3F,0x109000,0x32000)\EFI\BOOT\BOOTX64.efi'
19:330  0:000  - [07]: 'Windows'
19:330  0:000  - [08]: 'Preboot'
19:331  0:000          AddLoaderEntry for Volume Name=Preboot
19:331  0:000  IconName=cata,mac comma=4 size=8
19:331  0:000    first=os_cata
19:331  0:000  got day icon 25 name{os_mac}
19:331  0:000  got day icon 18 name{vol_internal_apfs}
19:331  0:000      Loader entry created for 'PciRoot(0x0)\Pci(0x1B,0x0)\Pci(0x0,0x0)\NVMe(0x1,17-52-91-44-4A-44-1B-00)\HD(2,GPT,7A1291F6-BE08-428F-8E69-FA455BB2755B,0x64800,0x3A321808)\VenMedia(BE74FCF7-0B7C-49F3-9147-01F4042E6842,5EE96ADF7AEBE64CB012AA7A36C26B44)\4634133A-D907-4F27-88BA-F2AD20D70FB6\com.apple.installer\boot.efi'
19:332  0:000          AddLoaderEntry for Volume Name=Preboot
19:333  0:000      hibernated: set as never
19:333  0:000  IconName=cata,mac comma=4 size=8
19:333  0:000    first=os_cata
19:333  0:000  got day icon 25 name{os_mac}
19:333  0:000  got day icon 18 name{vol_internal_apfs}
19:333  0:000      Loader entry created for 'PciRoot(0x0)\Pci(0x1B,0x0)\Pci(0x0,0x0)\NVMe(0x1,17-52-91-44-4A-44-1B-00)\HD(2,GPT,7A1291F6-BE08-428F-8E69-FA455BB2755B,0x64800,0x3A321808)\VenMedia(BE74FCF7-0B7C-49F3-9147-01F4042E6842,5EE96ADF7AEBE64CB012AA7A36C26B44)\E9C7FA9B-4186-4057-951C-594D958EE211\System\Library\CoreServices\boot.efi'
19:333  0:000  - [09]: 'Macintosh SSD - Data'
19:335  0:001          AddLoaderEntry for Volume Name=Macintosh SSD - Data
19:336  0:001  IconName=cata,mac comma=4 size=8
19:336  0:000    first=os_cata
19:336  0:000  got day icon 25 name{os_mac}
19:336  0:000  got day icon 18 name{vol_internal_apfs}
19:336  0:000      Loader entry created for 'PciRoot(0x0)\Pci(0x1B,0x0)\Pci(0x0,0x0)\NVMe(0x1,17-52-91-44-4A-44-1B-00)\HD(2,GPT,7A1291F6-BE08-428F-8E69-FA455BB2755B,0x64800,0x3A321808)\VenMedia(BE74FCF7-0B7C-49F3-9147-01F4042E6842,3A13344607D9274F88BAF2AD20D70FB6)\macOS Install Data\Locked Files\Boot Files\boot.efi'
19:336  0:000  - [10]: 'Recovery'
19:337  0:000          AddLoaderEntry for Volume Name=Recovery
19:337  0:000  IconName=cata,mac comma=4 size=8
19:337  0:000    first=os_cata
19:337  0:000  got day icon 25 name{os_mac}
19:337  0:000  got day icon 21 name{vol_recovery}
19:337  0:000      Loader entry created for 'PciRoot(0x0)\Pci(0x1B,0x0)\Pci(0x0,0x0)\NVMe(0x1,17-52-91-44-4A-44-1B-00)\HD(2,GPT,7A1291F6-BE08-428F-8E69-FA455BB2755B,0x64800,0x3A321808)\VenMedia(BE74FCF7-0B7C-49F3-9147-01F4042E6842,AE7C9B14A1A8444C88328E4760EF3C6E)\E9C7FA9B-4186-4057-951C-594D958EE211\boot.efi'
19:338  0:000  - [11]: 'VM'
19:338  0:000  - [12]: 'Macintosh SSD'
19:338  0:000          AddLoaderEntry for Volume Name=Macintosh SSD
19:338  0:000      hibernated: set as never
19:338  0:000  IconName=cata,mac comma=4 size=8
19:338  0:000    first=os_cata
19:338  0:000  got day icon 25 name{os_mac}
19:338  0:000  got day icon 18 name{vol_internal_apfs}
19:338  0:000      Loader entry created for 'PciRoot(0x0)\Pci(0x1B,0x0)\Pci(0x0,0x0)\NVMe(0x1,17-52-91-44-4A-44-1B-00)\HD(2,GPT,7A1291F6-BE08-428F-8E69-FA455BB2755B,0x64800,0x3A321808)\VenMedia(BE74FCF7-0B7C-49F3-9147-01F4042E6842,9BFAC7E986415740951C594D958EE211)\System\Library\CoreServices\boot.efi'
19:339  0:000  Scanning legacy ...
19:339  0:000  IconName=vista,win comma=5 size=9
19:339  0:000    first=os_vista
19:339  0:000  got day icon 43 name{os_win}
19:339  0:000  got day icon 19 name{vol_internal_ntfs}
19:339  0:000  IconName=vista,win comma=5 size=9
19:339  0:000    first=os_vista
19:339  0:000  got day icon 43 name{os_win}
19:339  0:000  got day icon 19 name{vol_internal_ntfs}
19:339  0:000  IconName=vista,win comma=5 size=9
19:339  0:000    first=os_vista
19:339  0:000  got day icon 43 name{os_win}
19:339  0:000  got day icon 19 name{vol_internal_ntfs}
19:339  0:000  === [ AddCustomTool ] ===========================
19:339  0:000  got day icon 8 name{tool_shell}
19:339  0:000  found tool \EFI\CLOVER\tools\Shell64U.efi
19:339  0:000  Checking EFI partition Volume 1 for Clover
19:339  0:000   Found Clover
19:339  0:000  got day icon 2 name{func_clover}
19:339  0:000  got day icon 1 name{func_options}
19:339  0:000  got day icon 0 name{func_about}
19:339  0:000  got day icon 5 name{func_reset}
19:339  0:000  got day icon 6 name{func_shutdown}
19:339  0:000  === [ GetEfiBootDeviceFromNvram ] ===============
19:339  0:000  === [ FindStartupDiskVolume ] ===================
19:339  0:000    - Volume: partition = PciRoot(0x0)\Pci(0x1B,0x4)\Pci(0x0,0x0)\NVMe(0x1,C6-5B-9F-44-4A-44-1B-00)\HD(2,GPT,F59292E9-B2C8-45E8-B6E1-B5672CD91D3F,0x109000,0x32000)
19:339  0:000     - searching for that partition and loader '\EFI\microsoft\Boot\bootmgfw.efi'
19:339  0:000      - found entry 0. 'Boot Microsoft EFI Boot from Windows_EFI', Volume 'Windows_EFI', '\EFI\microsoft\Boot\bootmgfw.efi'
19:339  0:000  Boot redirected to Entry 0. 'Boot Microsoft EFI Boot from Windows_EFI'
19:339  0:000  AnimeRun=0
33:003  13:663  BootVariable of the entry is empty
33:003  0:000  SetStartupDiskVolume:
33:003  0:000    * Volume: 'Windows'
33:003  0:000    * LoaderPath: ''
33:003  0:000    * DevPath: Windows
33:003  0:000    * GUID = E0BE966C-83C7-4AAE-ACA9-3FBE0A4B2055
33:006  0:002    * efi-boot-device: <array><dict><key>IOMatch</key><dict><key>IOProviderClass</key><string>IOMedia</string><key>IOPropertyMatch</key><dict><key>UUID</key><string>E0BE966C-83C7-4AAE-ACA9-3FBE0A4B2055</string></dict></dict></dict></array>
33:027  0:021  EfiLegacyBiosProtocolGuid: Not Found
34:317  1:289  AnimeRun=0
34:317  0:000  SetScreenResolution: 3840x2160 - already set
59:195  24:878  BootVariable of the entry is empty
59:195  0:000  === [ StartLoader ] =============================
59:195  0:000  Finally: ExternalClock=26MHz BusSpeed=100014kHz CPUFreq=3600MHz PIS: hw.busfrequency=104000000Hz
59:195  0:000  start loader
59:195  0:000  Loading bootmgfw.efi  status=Success
59:216  0:021  Closing events for Windows
59:216  0:000  OtherOS: Found Acpi 2.0 RSDP 0x7A24F000
59:216  0:000  RSDT at 0x7A24F028
59:216  0:000  XSDT at 0x7A24F0B0
59:216  0:000  FADT pointer = 0x7A2923A8
59:217  0:000  Dir Windows not found. No patching will be done.
59:217  0:000  SetStartupDiskVolume:
59:217  0:000    * Volume: 'Windows_EFI'
59:217  0:000    * LoaderPath: '\EFI\microsoft\Boot\bootmgfw.efi'
59:217  0:000    * DevPath: Windows_EFI
59:217  0:000    * GUID = F59292E9-B2C8-45E8-B6E1-B5672CD91D3F
59:219  0:002    * efi-boot-device: <array><dict><key>IOMatch</key><dict><key>IOProviderClass</key><string>IOMedia</string><key>IOPropertyMatch</key><dict><key>UUID</key><string>F59292E9-B2C8-45E8-B6E1-B5672CD91D3F</string></dict></dict></dict></array>
59:222  0:002  Closing log
